Rasa process starting
C:\Users\jakeh\Anaconda2\envs\malu\lib\importlib\_bootstrap.py:219: RuntimeWarning: cymem.cymem.Pool size changed, may indicate binary incompatibility. Expected 48 from C header, got 64 from PyObject
  return f(*args, **kwds)

C:\Users\jakeh\Anaconda2\envs\malu\lib\importlib\_bootstrap.py:219: RuntimeWarning: cymem.cymem.Address size changed, may indicate binary incompatibility. Expected 24 from C header, got 40 from PyObject
  return f(*args, **kwds)

Added 'nlp_spacy' to component cache. Key 'nlp_spacy-pt_core_news_sm'.
C:\Users\jakeh\Anaconda2\envs\malu\lib\site-packages\rasa_nlu\extractors\entity_synonyms.py:85: UserWarning: Failed to load synonyms file from 'models/current/nlu\entity_synonyms.json'
  "".format(entity_synonyms_file))

C:\Users\jakeh\Anaconda2\envs\malu\lib\site-packages\pykwalify\core.py:99: UnsafeLoaderWarning: 
The default 'Loader' for 'load(stream)' without further arguments can be unsafe.
Use 'load(stream, Loader=ruamel.yaml.Loader)' explicitly if that is OK.
Alternatively include the following in your code:

  import warnings
  warnings.simplefilter('ignore', ruamel.yaml.error.UnsafeLoaderWarning)

In most other cases you should consider using 'safe_load(stream)'
  data = yaml.load(stream)

Available web server routes: 
static                                             GET, OPTIONS, HEAD             /static/[filename]
fb_webhook.health                                  GET, OPTIONS, HEAD             /webhooks/facebook/
fb_webhook.webhook                                 POST, OPTIONS                  /webhooks/facebook/webhook
Rasa Core server is up and running on http://localhost:5000
